2025-07-21 22:32:00,982 INFO: Yield Analysis startup [in E:\CISC_PRJ\app.py:62]
2025-07-21 22:32:05,802 INFO: Yield Analysis startup [in E:\CISC_PRJ\app.py:62]
2025-07-21 22:39:26,285 INFO: Yield Analysis startup [in E:\CISC_PRJ\app.py:62]
2025-07-21 22:39:30,942 INFO: Yield Analysis startup [in E:\CISC_PRJ\app.py:62]
2025-07-27 21:08:37,734 INFO: Yield Analysis startup [in e:\CISC_PRJ\app.py:62]
2025-07-27 21:08:42,727 INFO: Yield Analysis startup [in e:\CISC_PRJ\app.py:62]
2025-07-27 21:27:08,793 INFO: Yield Analysis startup [in E:\CISC_PRJ\app.py:62]
2025-07-27 21:27:53,454 INFO: Yield Analysis startup [in E:\CISC_PRJ\app.py:62]
2025-07-27 21:27:58,022 INFO: Yield Analysis startup [in E:\CISC_PRJ\app.py:62]
2025-07-27 21:28:21,330 ERROR: Enhanced data error: Error 10061 connecting to localhost:6379. No connection could be made because the target machine actively refused it. [in e:\CISC_PRJ\app.py:713]
2025-07-27 21:29:14,141 INFO: Yield Analysis startup [in e:\CISC_PRJ\app.py:72]
2025-07-27 21:29:28,786 INFO: Yield Analysis startup [in e:\CISC_PRJ\app.py:72]
2025-07-27 21:29:41,402 INFO: Yield Analysis startup [in e:\CISC_PRJ\app.py:72]
2025-07-27 21:29:48,951 INFO: Yield Analysis startup [in e:\CISC_PRJ\app.py:72]
2025-07-27 21:30:02,486 INFO: Yield Analysis startup [in e:\CISC_PRJ\app.py:72]
2025-07-27 21:30:08,702 INFO: Yield Analysis startup [in e:\CISC_PRJ\app.py:72]
2025-07-27 21:30:24,357 INFO: Yield Analysis startup [in e:\CISC_PRJ\app.py:72]
2025-07-27 21:30:53,196 INFO: Yield Analysis startup [in e:\CISC_PRJ\app.py:72]
2025-07-27 21:31:05,265 INFO: Yield Analysis startup [in e:\CISC_PRJ\app.py:72]
2025-07-27 21:33:03,938 INFO: Yield Analysis startup [in E:\CISC_PRJ\app.py:72]
2025-07-27 21:33:08,496 INFO: Yield Analysis startup [in E:\CISC_PRJ\app.py:72]
2025-07-27 21:33:24,798 WARNING: Redis cache access failed: Error 10061 connecting to localhost:6379. No connection could be made because the target machine actively refused it. [in e:\CISC_PRJ\app.py:726]
2025-07-27 21:33:45,611 WARNING: Redis cache write failed: Error 10061 connecting to localhost:6379. No connection could be made because the target machine actively refused it. [in e:\CISC_PRJ\app.py:763]
2025-07-27 21:34:13,970 INFO: Yield Analysis startup [in E:\CISC_PRJ\app.py:72]
2025-07-27 21:34:14,002 INFO: Yield Analysis startup [in e:\CISC_PRJ\app.py:72]
2025-07-27 21:34:27,838 INFO: Yield Analysis startup [in e:\CISC_PRJ\app.py:72]
2025-07-27 21:34:28,937 INFO: Yield Analysis startup [in E:\CISC_PRJ\app.py:72]
2025-07-27 21:34:39,606 ERROR: Forecast generation error: Object of type ndarray is not JSON serializable [in e:\CISC_PRJ\app.py:603]
2025-07-27 21:34:41,085 WARNING: Redis cache access failed: Error 10061 connecting to localhost:6379. No connection could be made because the target machine actively refused it. [in e:\CISC_PRJ\app.py:733]
2025-07-27 21:34:44,566 INFO: Yield Analysis startup [in E:\CISC_PRJ\app.py:72]
2025-07-27 21:34:44,726 INFO: Yield Analysis startup [in e:\CISC_PRJ\app.py:72]
2025-07-27 21:34:51,919 INFO: Yield Analysis startup [in E:\CISC_PRJ\app.py:72]
2025-07-27 21:34:52,075 INFO: Yield Analysis startup [in e:\CISC_PRJ\app.py:72]
2025-07-27 21:35:06,082 INFO: Yield Analysis startup [in E:\CISC_PRJ\app.py:72]
2025-07-27 21:35:10,598 INFO: Yield Analysis startup [in E:\CISC_PRJ\app.py:72]
2025-07-27 21:35:17,501 WARNING: Redis cache access failed: Error 10061 connecting to localhost:6379. No connection could be made because the target machine actively refused it. [in E:\CISC_PRJ\app.py:733]
2025-07-27 21:35:38,313 WARNING: Redis cache write failed: Error 10061 connecting to localhost:6379. No connection could be made because the target machine actively refused it. [in E:\CISC_PRJ\app.py:770]
2025-07-27 21:35:41,824 WARNING: Redis cache access failed: Error 10061 connecting to localhost:6379. No connection could be made because the target machine actively refused it. [in E:\CISC_PRJ\app.py:733]
2025-07-27 21:36:02,647 WARNING: Redis cache write failed: Error 10061 connecting to localhost:6379. No connection could be made because the target machine actively refused it. [in E:\CISC_PRJ\app.py:770]
2025-07-27 21:36:58,819 INFO: Yield Analysis startup [in E:\CISC_PRJ\app.py:72]
2025-07-27 21:36:59,107 INFO: Yield Analysis startup [in E:\CISC_PRJ\app.py:72]
2025-07-27 21:38:42,406 INFO: Yield Analysis startup [in E:\CISC_PRJ\app.py:72]
2025-07-27 21:38:46,858 INFO: Yield Analysis startup [in E:\CISC_PRJ\app.py:72]
2025-07-27 21:39:12,517 WARNING: Redis cache access failed: Error 10061 connecting to localhost:6379. No connection could be made because the target machine actively refused it. [in E:\CISC_PRJ\app.py:733]
2025-07-27 21:39:12,779 ERROR: Forecast generation error: Object of type ndarray is not JSON serializable [in E:\CISC_PRJ\app.py:603]
2025-07-27 21:39:33,265 WARNING: Redis cache write failed: Error 10061 connecting to localhost:6379. No connection could be made because the target machine actively refused it. [in E:\CISC_PRJ\app.py:770]
2025-07-27 21:39:36,612 INFO: Yield Analysis startup [in E:\CISC_PRJ\app.py:72]
2025-07-27 21:39:46,248 INFO: Yield Analysis startup [in E:\CISC_PRJ\app.py:72]
2025-07-27 21:39:56,001 INFO: Yield Analysis startup [in E:\CISC_PRJ\app.py:72]
2025-07-27 21:40:15,776 INFO: Yield Analysis startup [in E:\CISC_PRJ\app.py:72]
2025-07-27 21:40:20,359 INFO: Yield Analysis startup [in E:\CISC_PRJ\app.py:72]
2025-07-27 21:40:33,474 WARNING: Redis cache access failed: Error 10061 connecting to localhost:6379. No connection could be made because the target machine actively refused it. [in E:\CISC_PRJ\app.py:733]
2025-07-27 21:40:34,906 WARNING: Redis cache access failed: Error 10061 connecting to localhost:6379. No connection could be made because the target machine actively refused it. [in E:\CISC_PRJ\app.py:733]
2025-07-27 21:40:40,285 ERROR: Forecast chart error: list indices must be integers or slices, not tuple [in E:\CISC_PRJ\app.py:692]
2025-07-27 21:40:52,501 ERROR: Validation error: Object of type ndarray is not JSON serializable [in E:\CISC_PRJ\app.py:651]
2025-07-27 21:40:54,298 WARNING: Redis cache write failed: Error 10061 connecting to localhost:6379. No connection could be made because the target machine actively refused it. [in E:\CISC_PRJ\app.py:770]
2025-07-27 21:40:55,642 WARNING: Redis cache write failed: Error 10061 connecting to localhost:6379. No connection could be made because the target machine actively refused it. [in E:\CISC_PRJ\app.py:770]
2025-07-27 21:40:59,704 WARNING: Redis cache access failed: Error 10061 connecting to localhost:6379. No connection could be made because the target machine actively refused it. [in E:\CISC_PRJ\app.py:733]
2025-07-27 21:41:12,832 WARNING: Redis cache access failed: Error 10061 connecting to localhost:6379. No connection could be made because the target machine actively refused it. [in E:\CISC_PRJ\app.py:733]
2025-07-27 21:41:20,492 WARNING: Redis cache write failed: Error 10061 connecting to localhost:6379. No connection could be made because the target machine actively refused it. [in E:\CISC_PRJ\app.py:770]
2025-07-27 21:41:33,594 WARNING: Redis cache write failed: Error 10061 connecting to localhost:6379. No connection could be made because the target machine actively refused it. [in E:\CISC_PRJ\app.py:770]
2025-07-27 21:42:11,066 INFO: Yield Analysis startup [in E:\CISC_PRJ\app.py:72]
2025-07-27 21:42:11,102 INFO: Yield Analysis startup [in E:\CISC_PRJ\app.py:72]
2025-07-27 21:42:20,972 INFO: Yield Analysis startup [in E:\CISC_PRJ\app.py:72]
2025-07-27 21:42:20,972 INFO: Yield Analysis startup [in E:\CISC_PRJ\app.py:72]
2025-07-27 21:42:39,973 INFO: Yield Analysis startup [in E:\CISC_PRJ\app.py:72]
2025-07-27 21:42:44,669 INFO: Yield Analysis startup [in E:\CISC_PRJ\app.py:72]
2025-07-27 21:43:17,580 WARNING: Redis cache access failed: Error 10061 connecting to localhost:6379. No connection could be made because the target machine actively refused it. [in E:\CISC_PRJ\app.py:733]
2025-07-27 21:43:18,331 WARNING: Redis cache access failed: Error 10061 connecting to localhost:6379. No connection could be made because the target machine actively refused it. [in E:\CISC_PRJ\app.py:733]
2025-07-27 21:43:38,474 WARNING: Redis cache write failed: Error 10061 connecting to localhost:6379. No connection could be made because the target machine actively refused it. [in E:\CISC_PRJ\app.py:770]
2025-07-27 21:43:39,094 WARNING: Redis cache write failed: Error 10061 connecting to localhost:6379. No connection could be made because the target machine actively refused it. [in E:\CISC_PRJ\app.py:770]
2025-07-27 21:43:41,848 WARNING: Redis cache access failed: Error 10061 connecting to localhost:6379. No connection could be made because the target machine actively refused it. [in E:\CISC_PRJ\app.py:733]
2025-07-27 21:43:44,611 INFO: Yield Analysis startup [in E:\CISC_PRJ\app.py:72]
2025-07-27 21:43:44,677 INFO: Yield Analysis startup [in E:\CISC_PRJ\app.py:72]
2025-07-27 21:43:44,831 INFO: Yield Analysis startup [in E:\CISC_PRJ\app.py:72]
2025-07-27 21:44:04,619 INFO: Yield Analysis startup [in E:\CISC_PRJ\app.py:72]
2025-07-27 21:44:09,086 INFO: Yield Analysis startup [in E:\CISC_PRJ\app.py:72]
2025-07-27 21:44:15,780 WARNING: Redis cache access failed: Error 10061 connecting to localhost:6379. No connection could be made because the target machine actively refused it. [in E:\CISC_PRJ\app.py:733]
2025-07-27 21:44:36,623 WARNING: Redis cache write failed: Error 10061 connecting to localhost:6379. No connection could be made because the target machine actively refused it. [in E:\CISC_PRJ\app.py:770]
2025-07-27 21:44:40,709 WARNING: Redis cache access failed: Error 10061 connecting to localhost:6379. No connection could be made because the target machine actively refused it. [in E:\CISC_PRJ\app.py:733]
2025-07-27 21:45:01,627 WARNING: Redis cache write failed: Error 10061 connecting to localhost:6379. No connection could be made because the target machine actively refused it. [in E:\CISC_PRJ\app.py:770]
